<?xml version="1.0" encoding="UTF-8"?>
<!-- Generated by org.testng.reporters.JUnitReportReporter -->
<testsuite hostname="Lenovo" name="qaclickacademy.mavenjava.AppiumTest" tests="2" failures="0" timestamp="3 Feb 2022 20:17:52 GMT" time="0.001" errors="0">
  <testcase name="IOSApps" time="0.000" classname="qaclickacademy.mavenjava.AppiumTest"/>
  <testcase name="NativeAPpAndroid" time="0.001" classname="qaclickacademy.mavenjava.AppiumTest"/>
</testsuite> <!-- qaclickacademy.mavenjava.AppiumTest -->
