<?xml version="1.0" encoding="UTF-8"?>
<!-- Generated by org.testng.reporters.JUnitReportReporter -->
<testsuite hostname="Lenovo" name="qaclickacademy.mavenjava.SeleniumTest" tests="2" failures="0" timestamp="3 Feb 2022 20:18:10 GMT" time="0.014" errors="0">
  <testcase name="elementsUi" time="0.000" classname="qaclickacademy.mavenjava.SeleniumTest"/>
  <testcase name="BrowserAUtomation" time="0.014" classname="qaclickacademy.mavenjava.SeleniumTest"/>
</testsuite> <!-- qaclickacademy.mavenjava.SeleniumTest -->
