<?xml version="1.0" encoding="UTF-8"?>
<!-- Generated by org.testng.reporters.JUnitReportReporter -->
<testsuite hostname="Lenovo" name="qaclickacademy.mavenjava.RESTAPITest" tests="2" failures="0" timestamp="3 Feb 2022 20:18:10 GMT" time="0.002" errors="0">
  <testcase name="postJira" time="0.001" classname="qaclickacademy.mavenjava.RESTAPITest"/>
  <testcase name="deleteTwitter" time="0.001" classname="qaclickacademy.mavenjava.RESTAPITest"/>
</testsuite> <!-- qaclickacademy.mavenjava.RESTAPITest -->
